<?xml version="1.0" encoding="UTF-8"?>
<!-- Generated by org.testng.reporters.JUnitXMLReporter -->
<testsuite ignored="0" hostname="LAPTOP-9REF4ALR" failures="1" tests="6" name="Test" time="0.058" errors="0" timestamp="2022-11-21T20:53:17 IST">
  <testcase classname="pkg1.NewTest" name="DemoMethod1" time="0.01"/>
  <testcase classname="pkg1.NewTest" name="DemoMethod2" time="0.002"/>
  <testcase classname="pkg1.NewTest" name="DemoMethod3" time="0.004">
    <failure type="java.lang.AssertionError" message="null">
      <![CDATA[java.lang.AssertionError: null
at pkg1.NewTest.DemoMethod3(NewTest.java:24)
at java.base/java.util.ArrayList.forEach(ArrayList.java:1511)
... Removed 27 stack frames]]>
    </failure>
  </testcase> <!-- DemoMethod3 -->
  <testcase classname="pkg1.NewTest" name="DemoMethod4" time="0.001"/>
  <testcase classname="pkg1.NewTest" name="DemoMethod5" time="0.001"/>
  <testcase classname="pkg1.NewTest" name="DemoMethod6" time="0.001"/>
</testsuite> <!-- Test -->
